<?xml version="1.0" encoding="UTF-8"?>
<testng-results skipped="0" failed="0" total="1" passed="1">
  <reporter-output>
  </reporter-output>
  <suite name="Default suite" duration-ms="30074" started-at="2017-02-10T19:02:49Z" finished-at="2017-02-10T19:03:19Z">
    <groups>
    </groups>
    <test name="Default test" duration-ms="30074" started-at="2017-02-10T19:02:49Z" finished-at="2017-02-10T19:03:19Z">
      <class name="myfirstIntegration.LoginTest">
        <test-method status="PASS" signature="AdminLogin()[pri:0, instance:myfirstIntegration.LoginTest@340fab]" name="AdminLogin" duration-ms="30049" started-at="2017-02-11T00:32:49Z" finished-at="2017-02-11T00:33:19Z">
          <reporter-output>
          </reporter-output>
        </test-method> <!-- AdminLogin -->
      </class> <!-- myfirstIntegration.LoginTest -->
    </test> <!-- Default test -->
  </suite> <!-- Default suite -->
</testng-results>
