<?xml version="1.0" encoding="UTF-8"?>
<testng-results skipped="0" failed="0" total="1" passed="1">
  <reporter-output>
  </reporter-output>
  <suite name="Suite" duration-ms="22947" started-at="2017-02-10T19:18:40Z" finished-at="2017-02-10T19:19:03Z">
    <groups>
    </groups>
    <test name="Test" duration-ms="22947" started-at="2017-02-10T19:18:40Z" finished-at="2017-02-10T19:19:03Z">
      <class name="myfirstIntegration.LoginTest">
        <test-method status="PASS" signature="AdminLogin()[pri:0, instance:myfirstIntegration.LoginTest@1ba5a14]" name="AdminLogin" duration-ms="22933" started-at="2017-02-11T00:48:40Z" finished-at="2017-02-11T00:49:03Z">
          <reporter-output>
          </reporter-output>
        </test-method> <!-- AdminLogin -->
      </class> <!-- myfirstIntegration.LoginTest -->
    </test> <!-- Test -->
  </suite> <!-- Suite -->
</testng-results>
